<?xml version="1.0" encoding="UTF-8"?>
<!-- Generated by org.testng.reporters.JUnitXMLReporter -->
<testsuite ignored="0" hostname="Yuvan" failures="0" tests="3" name="Test" time="20.607" errors="0" timestamp="2024-11-20T21:36:29 IST">
  <testcase classname="com.testNG.dataprovidertest" name="login" time="8.782"/>
  <testcase classname="com.testNG.dataprovidertest" name="login" time="6.898"/>
  <testcase classname="com.testNG.dataprovidertest" name="login" time="4.878"/>
</testsuite> <!-- Test -->
