<?xml version="1.0" encoding="UTF-8"?>
<testng-results ignored="0" total="1" passed="1" failed="0" skipped="0">
  <reporter-output>
  </reporter-output>
  <suite started-at="2024-11-22T11:26:45 IST" name="Default suite" finished-at="2024-11-22T11:27:04 IST" duration-ms="18566">
    <groups>
    </groups>
    <test started-at="2024-11-22T11:26:45 IST" name="Default test" finished-at="2024-11-22T11:27:04 IST" duration-ms="18566">
      <class name="com.runner.openmrsrunner">
        <test-method is-config="true" signature="extentreportstartup()[pri:0, instance:com.runner.openmrsrunner@53fb3dab]" started-at="2024-11-22T11:26:44 IST" name="extentreportstartup" finished-at="2024-11-22T11:26:45 IST" duration-ms="500" status="PASS">
          <reporter-output>
          </reporter-output>
        </test-method> <!-- extentreportstartup -->
        <test-method is-config="true" signature="setup()[pri:0, instance:com.runner.openmrsrunner@53fb3dab]" started-at="2024-11-22T11:26:45 IST" name="setup" finished-at="2024-11-22T11:26:49 IST" duration-ms="3718" status="PASS">
          <reporter-output>
          </reporter-output>
        </test-method> <!-- setup -->
        <test-method signature="validlogintest()[pri:0, instance:com.runner.openmrsrunner@53fb3dab]" started-at="2024-11-22T11:26:49 IST" name="validlogintest" finished-at="2024-11-22T11:27:03 IST" duration-ms="14187" status="PASS">
          <reporter-output>
          </reporter-output>
        </test-method> <!-- validlogintest -->
        <test-method is-config="true" signature="termination()[pri:0, instance:com.runner.openmrsrunner@53fb3dab]" started-at="2024-11-22T11:27:03 IST" name="termination" finished-at="2024-11-22T11:27:04 IST" duration-ms="311" status="PASS">
          <reporter-output>
          </reporter-output>
        </test-method> <!-- termination -->
        <test-method is-config="true" signature="extentreportend()[pri:0, instance:com.runner.openmrsrunner@53fb3dab]" started-at="2024-11-22T11:27:04 IST" name="extentreportend" finished-at="2024-11-22T11:27:05 IST" duration-ms="1519" status="PASS">
          <reporter-output>
          </reporter-output>
        </test-method> <!-- extentreportend -->
      </class> <!-- com.runner.openmrsrunner -->
    </test> <!-- Default test -->
  </suite> <!-- Default suite -->
</testng-results>
